<?xml version="1.0" encoding="UTF-8"?>
<testsuite name="LibraryTest" tests="1" skipped="0" failures="0" errors="0" timestamp="2019-04-05T14:42:18" hostname="PC430548" time="0.002">
  <properties/>
  <testcase name="testSomeLibraryMethod" classname="LibraryTest" time="0.002"/>
  <system-out><![CDATA[]]></system-out>
  <system-err><![CDATA[]]></system-err>
</testsuite>
